{"/usr/src/web/src/Api.js": {"path":"/usr/src/web/src/Api.js","statementMap":{"0":{"start":{"line":3,"column":16},"end":{"line":3,"column":45}},"1":{"start":{"line":6,"column":2},"end":{"line":6,"column":72}},"2":{"start":{"line":10,"column":25},"end":{"line":10,"column":30}},"3":{"start":{"line":12,"column":2},"end":{"line":16,"column":4}}},"fnMap":{"0":{"name":"loginUser","decl":{"start":{"line":5,"column":15},"end":{"line":5,"column":24}},"loc":{"start":{"line":5,"column":43},"end":{"line":7,"column":1}},"line":5},"1":{"name":"getUser","decl":{"start":{"line":9,"column":15},"end":{"line":9,"column":22}},"loc":{"start":{"line":9,"column":31},"end":{"line":17,"column":1}},"line":9}},"branchMap":{},"s":{"0":1,"1":0,"2":0,"3":0},"f":{"0":0,"1":0},"b":{},"_coverageSchema":"43e27e138ebf9cfc5966b082cf9a028302ed4184","hash":"f6ff21915020b73f8dc360c253176ec1c7ca1638"}
,"/usr/src/web/src/App.js": {"path":"/usr/src/web/src/App.js","statementMap":{"0":{"start":{"line":8,"column":14},"end":{"line":12,"column":7}},"1":{"start":{"line":14,"column":18},"end":{"line":24,"column":7}},"2":{"start":{"line":15,"column":8},"end":{"line":15,"column":26}},"3":{"start":{"line":17,"column":36},"end":{"line":17,"column":46}},"4":{"start":{"line":19,"column":32},"end":{"line":19,"column":68}},"5":{"start":{"line":21,"column":31},"end":{"line":21,"column":55}},"6":{"start":{"line":23,"column":8},"end":{"line":23,"column":31}},"7":{"start":{"line":26,"column":20},"end":{"line":26,"column":73}},"8":{"start":{"line":26,"column":25},"end":{"line":26,"column":73}},"9":{"start":{"line":28,"column":24},"end":{"line":47,"column":7}},"10":{"start":{"line":29,"column":36},"end":{"line":29,"column":46}},"11":{"start":{"line":31,"column":8},"end":{"line":46,"column":9}},"12":{"start":{"line":50,"column":25},"end":{"line":50,"column":35}},"13":{"start":{"line":52,"column":8},"end":{"line":61,"column":9}}},"fnMap":{"0":{"name":"(anonymous_0)","decl":{"start":{"line":14,"column":18},"end":{"line":14,"column":19}},"loc":{"start":{"line":14,"column":31},"end":{"line":24,"column":7}},"line":14},"1":{"name":"(anonymous_1)","decl":{"start":{"line":26,"column":20},"end":{"line":26,"column":21}},"loc":{"start":{"line":26,"column":25},"end":{"line":26,"column":73}},"line":26},"2":{"name":"(anonymous_2)","decl":{"start":{"line":28,"column":24},"end":{"line":28,"column":25}},"loc":{"start":{"line":28,"column":30},"end":{"line":47,"column":7}},"line":28},"3":{"name":"(anonymous_3)","decl":{"start":{"line":49,"column":6},"end":{"line":49,"column":7}},"loc":{"start":{"line":49,"column":16},"end":{"line":62,"column":7}},"line":49}},"branchMap":{"0":{"loc":{"start":{"line":54,"column":13},"end":{"line":59,"column":38}},"type":"cond-expr","locations":[{"start":{"line":55,"column":14},"end":{"line":58,"column":17}},{"start":{"line":59,"column":16},"end":{"line":59,"column":38}}],"line":54}},"s":{"0":1,"1":1,"2":0,"3":0,"4":0,"5":0,"6":0,"7":1,"8":0,"9":1,"10":1,"11":1,"12":1,"13":1},"f":{"0":0,"1":0,"2":1,"3":1},"b":{"0":[0,1]},"_coverageSchema":"43e27e138ebf9cfc5966b082cf9a028302ed4184","hash":"168830343cc465cef75d6e23a33311223c57774b"}
,"/usr/src/web/src/api.js": {"path":"/usr/src/web/src/api.js","statementMap":{"0":{"start":{"line":3,"column":16},"end":{"line":3,"column":45}},"1":{"start":{"line":6,"column":2},"end":{"line":6,"column":72}},"2":{"start":{"line":10,"column":25},"end":{"line":10,"column":30}},"3":{"start":{"line":12,"column":2},"end":{"line":16,"column":4}}},"fnMap":{"0":{"name":"loginUser","decl":{"start":{"line":5,"column":15},"end":{"line":5,"column":24}},"loc":{"start":{"line":5,"column":43},"end":{"line":7,"column":1}},"line":5},"1":{"name":"getUser","decl":{"start":{"line":9,"column":15},"end":{"line":9,"column":22}},"loc":{"start":{"line":9,"column":31},"end":{"line":17,"column":1}},"line":9}},"branchMap":{},"s":{"0":0,"1":0,"2":0,"3":0},"f":{"0":0,"1":0},"b":{},"hash":"1867f76a7d23c0866cac4b17645a0858a4d7fd51"}
,"/usr/src/web/src/index.js": {"path":"/usr/src/web/src/index.js","statementMap":{"0":{"start":{"line":7,"column":0},"end":{"line":7,"column":57}},"1":{"start":{"line":12,"column":0},"end":{"line":12,"column":26}}},"fnMap":{},"branchMap":{},"s":{"0":0,"1":0},"f":{},"b":{},"hash":"7c9fbf7291e50fb6ae62ae770b624aba005c673a"}
,"/usr/src/web/src/serviceWorker.js": {"path":"/usr/src/web/src/serviceWorker.js","statementMap":{"0":{"start":{"line":15,"column":20},"end":{"line":23,"column":1}},"1":{"start":{"line":26,"column":2},"end":{"line":56,"column":3}},"2":{"start":{"line":28,"column":22},"end":{"line":28,"column":75}},"3":{"start":{"line":29,"column":4},"end":{"line":34,"column":5}},"4":{"start":{"line":33,"column":6},"end":{"line":33,"column":12}},"5":{"start":{"line":36,"column":4},"end":{"line":55,"column":6}},"6":{"start":{"line":37,"column":20},"end":{"line":37,"column":65}},"7":{"start":{"line":39,"column":6},"end":{"line":54,"column":7}},"8":{"start":{"line":41,"column":8},"end":{"line":41,"column":46}},"9":{"start":{"line":45,"column":8},"end":{"line":50,"column":10}},"10":{"start":{"line":46,"column":10},"end":{"line":49,"column":11}},"11":{"start":{"line":53,"column":8},"end":{"line":53,"column":38}},"12":{"start":{"line":60,"column":2},"end":{"line":100,"column":6}},"13":{"start":{"line":63,"column":6},"end":{"line":96,"column":7}},"14":{"start":{"line":64,"column":33},"end":{"line":64,"column":56}},"15":{"start":{"line":65,"column":8},"end":{"line":67,"column":9}},"16":{"start":{"line":66,"column":10},"end":{"line":66,"column":16}},"17":{"start":{"line":68,"column":8},"end":{"line":95,"column":9}},"18":{"start":{"line":69,"column":10},"end":{"line":94,"column":11}},"19":{"start":{"line":70,"column":12},"end":{"line":93,"column":13}},"20":{"start":{"line":74,"column":14},"end":{"line":77,"column":15}},"21":{"start":{"line":80,"column":14},"end":{"line":82,"column":15}},"22":{"start":{"line":81,"column":16},"end":{"line":81,"column":45}},"23":{"start":{"line":87,"column":14},"end":{"line":87,"column":63}},"24":{"start":{"line":90,"column":14},"end":{"line":92,"column":15}},"25":{"start":{"line":91,"column":16},"end":{"line":91,"column":46}},"26":{"start":{"line":99,"column":6},"end":{"line":99,"column":71}},"27":{"start":{"line":105,"column":2},"end":{"line":128,"column":6}},"28":{"start":{"line":108,"column":26},"end":{"line":108,"column":62}},"29":{"start":{"line":109,"column":6},"end":{"line":122,"column":7}},"30":{"start":{"line":114,"column":8},"end":{"line":118,"column":10}},"31":{"start":{"line":115,"column":10},"end":{"line":117,"column":12}},"32":{"start":{"line":116,"column":12},"end":{"line":116,"column":36}},"33":{"start":{"line":121,"column":8},"end":{"line":121,"column":38}},"34":{"start":{"line":125,"column":6},"end":{"line":127,"column":7}},"35":{"start":{"line":132,"column":2},"end":{"line":136,"column":3}},"36":{"start":{"line":133,"column":4},"end":{"line":135,"column":6}},"37":{"start":{"line":134,"column":6},"end":{"line":134,"column":31}}},"fnMap":{"0":{"name":"register","decl":{"start":{"line":25,"column":16},"end":{"line":25,"column":24}},"loc":{"start":{"line":25,"column":34},"end":{"line":57,"column":1}},"line":25},"1":{"name":"(anonymous_1)","decl":{"start":{"line":36,"column":36},"end":{"line":36,"column":37}},"loc":{"start":{"line":36,"column":42},"end":{"line":55,"column":5}},"line":36},"2":{"name":"(anonymous_2)","decl":{"start":{"line":45,"column":43},"end":{"line":45,"column":44}},"loc":{"start":{"line":45,"column":49},"end":{"line":50,"column":9}},"line":45},"3":{"name":"registerValidSW","decl":{"start":{"line":59,"column":9},"end":{"line":59,"column":24}},"loc":{"start":{"line":59,"column":41},"end":{"line":101,"column":1}},"line":59},"4":{"name":"(anonymous_4)","decl":{"start":{"line":62,"column":10},"end":{"line":62,"column":11}},"loc":{"start":{"line":62,"column":28},"end":{"line":97,"column":5}},"line":62},"5":{"name":"(anonymous_5)","decl":{"start":{"line":63,"column":35},"end":{"line":63,"column":36}},"loc":{"start":{"line":63,"column":41},"end":{"line":96,"column":7}},"line":63},"6":{"name":"(anonymous_6)","decl":{"start":{"line":68,"column":41},"end":{"line":68,"column":42}},"loc":{"start":{"line":68,"column":47},"end":{"line":95,"column":9}},"line":68},"7":{"name":"(anonymous_7)","decl":{"start":{"line":98,"column":11},"end":{"line":98,"column":12}},"loc":{"start":{"line":98,"column":22},"end":{"line":100,"column":5}},"line":98},"8":{"name":"checkValidServiceWorker","decl":{"start":{"line":103,"column":9},"end":{"line":103,"column":32}},"loc":{"start":{"line":103,"column":49},"end":{"line":129,"column":1}},"line":103},"9":{"name":"(anonymous_9)","decl":{"start":{"line":106,"column":10},"end":{"line":106,"column":11}},"loc":{"start":{"line":106,"column":24},"end":{"line":123,"column":5}},"line":106},"10":{"name":"(anonymous_10)","decl":{"start":{"line":114,"column":43},"end":{"line":114,"column":44}},"loc":{"start":{"line":114,"column":61},"end":{"line":118,"column":9}},"line":114},"11":{"name":"(anonymous_11)","decl":{"start":{"line":115,"column":41},"end":{"line":115,"column":42}},"loc":{"start":{"line":115,"column":47},"end":{"line":117,"column":11}},"line":115},"12":{"name":"(anonymous_12)","decl":{"start":{"line":124,"column":11},"end":{"line":124,"column":12}},"loc":{"start":{"line":124,"column":17},"end":{"line":128,"column":5}},"line":124},"13":{"name":"unregister","decl":{"start":{"line":131,"column":16},"end":{"line":131,"column":26}},"loc":{"start":{"line":131,"column":30},"end":{"line":137,"column":1}},"line":131},"14":{"name":"(anonymous_14)","decl":{"start":{"line":133,"column":39},"end":{"line":133,"column":40}},"loc":{"start":{"line":133,"column":57},"end":{"line":135,"column":5}},"line":133}},"branchMap":{"0":{"loc":{"start":{"line":16,"column":2},"end":{"line":22,"column":5}},"type":"binary-expr","locations":[{"start":{"line":16,"column":2},"end":{"line":16,"column":42}},{"start":{"line":18,"column":7},"end":{"line":18,"column":43}},{"start":{"line":20,"column":7},"end":{"line":22,"column":5}}],"line":16},"1":{"loc":{"start":{"line":26,"column":2},"end":{"line":56,"column":3}},"type":"if","locations":[{"start":{"line":26,"column":2},"end":{"line":56,"column":3}},{"start":{"line":26,"column":2},"end":{"line":56,"column":3}}],"line":26},"2":{"loc":{"start":{"line":26,"column":6},"end":{"line":26,"column":75}},"type":"binary-expr","locations":[{"start":{"line":26,"column":6},"end":{"line":26,"column":43}},{"start":{"line":26,"column":47},"end":{"line":26,"column":75}}],"line":26},"3":{"loc":{"start":{"line":29,"column":4},"end":{"line":34,"column":5}},"type":"if","locations":[{"start":{"line":29,"column":4},"end":{"line":34,"column":5}},{"start":{"line":29,"column":4},"end":{"line":34,"column":5}}],"line":29},"4":{"loc":{"start":{"line":39,"column":6},"end":{"line":54,"column":7}},"type":"if","locations":[{"start":{"line":39,"column":6},"end":{"line":54,"column":7}},{"start":{"line":39,"column":6},"end":{"line":54,"column":7}}],"line":39},"5":{"loc":{"start":{"line":65,"column":8},"end":{"line":67,"column":9}},"type":"if","locations":[{"start":{"line":65,"column":8},"end":{"line":67,"column":9}},{"start":{"line":65,"column":8},"end":{"line":67,"column":9}}],"line":65},"6":{"loc":{"start":{"line":69,"column":10},"end":{"line":94,"column":11}},"type":"if","locations":[{"start":{"line":69,"column":10},"end":{"line":94,"column":11}},{"start":{"line":69,"column":10},"end":{"line":94,"column":11}}],"line":69},"7":{"loc":{"start":{"line":70,"column":12},"end":{"line":93,"column":13}},"type":"if","locations":[{"start":{"line":70,"column":12},"end":{"line":93,"column":13}},{"start":{"line":70,"column":12},"end":{"line":93,"column":13}}],"line":70},"8":{"loc":{"start":{"line":80,"column":14},"end":{"line":82,"column":15}},"type":"if","locations":[{"start":{"line":80,"column":14},"end":{"line":82,"column":15}},{"start":{"line":80,"column":14},"end":{"line":82,"column":15}}],"line":80},"9":{"loc":{"start":{"line":80,"column":18},"end":{"line":80,"column":43}},"type":"binary-expr","locations":[{"start":{"line":80,"column":18},"end":{"line":80,"column":24}},{"start":{"line":80,"column":28},"end":{"line":80,"column":43}}],"line":80},"10":{"loc":{"start":{"line":90,"column":14},"end":{"line":92,"column":15}},"type":"if","locations":[{"start":{"line":90,"column":14},"end":{"line":92,"column":15}},{"start":{"line":90,"column":14},"end":{"line":92,"column":15}}],"line":90},"11":{"loc":{"start":{"line":90,"column":18},"end":{"line":90,"column":44}},"type":"binary-expr","locations":[{"start":{"line":90,"column":18},"end":{"line":90,"column":24}},{"start":{"line":90,"column":28},"end":{"line":90,"column":44}}],"line":90},"12":{"loc":{"start":{"line":109,"column":6},"end":{"line":122,"column":7}},"type":"if","locations":[{"start":{"line":109,"column":6},"end":{"line":122,"column":7}},{"start":{"line":109,"column":6},"end":{"line":122,"column":7}}],"line":109},"13":{"loc":{"start":{"line":110,"column":8},"end":{"line":111,"column":76}},"type":"binary-expr","locations":[{"start":{"line":110,"column":8},"end":{"line":110,"column":31}},{"start":{"line":111,"column":12},"end":{"line":111,"column":31}},{"start":{"line":111,"column":35},"end":{"line":111,"column":75}}],"line":110},"14":{"loc":{"start":{"line":132,"column":2},"end":{"line":136,"column":3}},"type":"if","locations":[{"start":{"line":132,"column":2},"end":{"line":136,"column":3}},{"start":{"line":132,"column":2},"end":{"line":136,"column":3}}],"line":132}},"s":{"0":0,"1":0,"2":0,"3":0,"4":0,"5":0,"6":0,"7":0,"8":0,"9":0,"10":0,"11":0,"12":0,"13":0,"14":0,"15":0,"16":0,"17":0,"18":0,"19":0,"20":0,"21":0,"22":0,"23":0,"24":0,"25":0,"26":0,"27":0,"28":0,"29":0,"30":0,"31":0,"32":0,"33":0,"34":0,"35":0,"36":0,"37":0},"f":{"0":0,"1":0,"2":0,"3":0,"4":0,"5":0,"6":0,"7":0,"8":0,"9":0,"10":0,"11":0,"12":0,"13":0,"14":0},"b":{"0":[0,0,0],"1":[0,0],"2":[0,0],"3":[0,0],"4":[0,0],"5":[0,0],"6":[0,0],"7":[0,0],"8":[0,0],"9":[0,0],"10":[0,0],"11":[0,0],"12":[0,0],"13":[0,0,0],"14":[0,0]},"hash":"19e18816fd01cab68d6ecae9b2b8e0583caaf6e0"}
}
